z:\projects\skeleman\skeleman\debug\vc141.pdb
z:\projects\skeleman\skeleman\debug\vc141.idb
z:\projects\skeleman\skeleman\debug\main.obj
z:\github\skeleman\skeleman\skeleman\debug\vc141.pdb
z:\github\skeleman\skeleman\skeleman\debug\vc141.idb
z:\github\skeleman\skeleman\skeleman\debug\main.obj
z:\github\skeleman\skeleman\skeleman\debug\renderer.obj
z:\projects\skeleman\debug\skeleman.exe
z:\projects\skeleman\debug\skeleman.ilk
z:\projects\skeleman\debug\skeleman.pdb
z:\github\skeleman\skeleman\debug\skeleman.pdb
z:\github\skeleman\skeleman\skeleman\debug\skeleman.tlog\cl.command.1.tlog
z:\github\skeleman\skeleman\skeleman\debug\skeleman.tlog\cl.read.1.tlog
z:\github\skeleman\skeleman\skeleman\debug\skeleman.tlog\cl.write.1.tlog
z:\github\skeleman\skeleman\skeleman\debug\skeleman.tlog\link-cvtres.read.1.tlog
z:\github\skeleman\skeleman\skeleman\debug\skeleman.tlog\link-cvtres.write.1.tlog
z:\github\skeleman\skeleman\skeleman\debug\skeleman.tlog\link-rc.read.1.tlog
z:\github\skeleman\skeleman\skeleman\debug\skeleman.tlog\link-rc.write.1.tlog
z:\github\skeleman\skeleman\skeleman\debug\skeleman.tlog\link.13000-cvtres.read.1.tlog
z:\github\skeleman\skeleman\skeleman\debug\skeleman.tlog\link.13000-cvtres.write.1.tlog
z:\github\skeleman\skeleman\skeleman\debug\skeleman.tlog\link.13000-rc.read.1.tlog
z:\github\skeleman\skeleman\skeleman\debug\skeleman.tlog\link.13000-rc.write.1.tlog
z:\github\skeleman\skeleman\skeleman\debug\skeleman.tlog\link.13000.read.1.tlog
z:\github\skeleman\skeleman\skeleman\debug\skeleman.tlog\link.13000.write.1.tlog
z:\github\skeleman\skeleman\skeleman\debug\skeleman.tlog\link.command.1.tlog
z:\github\skeleman\skeleman\skeleman\debug\skeleman.tlog\link.read.1.tlog
z:\github\skeleman\skeleman\skeleman\debug\skeleman.tlog\link.write.1.tlog
